<?xml version="1.0" encoding="UTF-8"?>
<!-- Generated by org.testng.reporters.JUnitReportReporter -->
<testsuite hostname="DESKTOP-CCTIP57" failures="0" tests="1" name="com.id.BatchWebAutomation.SecondDay" time="44.428" errors="0" timestamp="27 Apr 2024 04:11:41 GMT" skipped="0">
  <testcase classname="com.id.BatchWebAutomation.SecondDay" name="OpenUrl" time="44.428"/>
</testsuite> <!-- com.id.BatchWebAutomation.SecondDay -->
