<?xml version="1.0" encoding="UTF-8"?>
<!-- Generated by org.testng.reporters.JUnitReportReporter -->
<testsuite hostname="DESKTOP-CCTIP57" failures="0" tests="2" name="com.id.BatchWebAutomation.Newprcatice" time="0.015" errors="0" timestamp="23 Apr 2024 06:16:59 GMT" skipped="0">
  <testcase classname="com.id.BatchWebAutomation.Newprcatice" name="testCheck1" time="0.012"/>
  <testcase classname="com.id.BatchWebAutomation.Newprcatice" name="testCheck" time="0.003"/>
</testsuite> <!-- com.id.BatchWebAutomation.Newprcatice -->
