<?xml version="1.0" encoding="UTF-8"?>
<!-- Generated by org.testng.reporters.JUnitReportReporter -->
<testsuite hostname="DESKTOP-CCTIP57" failures="0" tests="1" name="com.id.BatchWebAutomation.BrowserCommand" time="94.974" errors="0" timestamp="27 Apr 2024 14:36:11 GMT" skipped="0">
  <testcase classname="com.id.BatchWebAutomation.BrowserCommand" name="OpenUrl" time="94.974"/>
</testsuite> <!-- com.id.BatchWebAutomation.BrowserCommand -->
